<?xml version="1.0" encoding="UTF-8"?>
<testsuite name="com.analytique.hello.HelloControllerIT" tests="1" skipped="0" failures="0" errors="0" timestamp="2015-09-30T18:06:25" hostname="d79535" time="0.192">
  <properties/>
  <testcase name="getHello" classname="com.analytique.hello.HelloControllerIT" time="0.192"/>
  <system-out><![CDATA[13:06:19.406 [Test worker] DEBUG o.s.t.c.j.SpringJUnit4ClassRunner - SpringJUnit4ClassRunner constructor called with [class com.analytique.hello.HelloControllerIT].
13:06:19.414 [Test worker] DEBUG o.s.test.context.BootstrapUtils - Instantiating TestContextBootstrapper from class [org.springframework.test.context.web.WebTestContextBootstrapper]
13:06:19.431 [Test worker] DEBUG o.s.t.c.w.WebTestContextBootstrapper - Found explicit ContextLoader class [org.springframework.boot.test.SpringApplicationContextLoader] for context configuration attributes [ContextConfigurationAttributes@5a5c0d2d declaringClass = 'com.analytique.hello.HelloControllerIT', classes = '{class com.analytique.config.ApplicationConfig}', locations = '{}', inheritLocations = true, initializers = '{}', inheritInitializers = true, name = [null], contextLoaderClass = 'org.springframework.boot.test.SpringApplicationContextLoader']
13:06:19.438 [Test worker] DEBUG o.s.t.c.support.ActiveProfilesUtils - Could not find an 'annotation declaring class' for annotation type [org.springframework.test.context.ActiveProfiles] and class [com.analytique.hello.HelloControllerIT]
13:06:19.452 [Test worker] INFO  o.s.t.c.w.WebTestContextBootstrapper - Using TestExecutionListeners: [org.springframework.boot.test.IntegrationTestPropertiesListener@6e7f12db, org.springframework.test.context.support.DependencyInjectionTestExecutionListener@133d732c, org.springframework.test.context.support.DirtiesContextTestExecutionListener@712396db, org.springframework.test.context.transaction.TransactionalTestExecutionListener@6034e7fc, org.springframework.test.context.jdbc.SqlScriptsTestExecutionListener@76cbc8eb]
13:06:19.455 [Test worker] DEBUG o.s.t.annotation.ProfileValueUtils - Retrieved @ProfileValueSourceConfiguration [null] for test class [com.analytique.hello.HelloControllerIT]
13:06:19.455 [Test worker] DEBUG o.s.t.annotation.ProfileValueUtils - Retrieved ProfileValueSource type [class org.springframework.test.annotation.SystemProfileValueSource] for class [com.analytique.hello.HelloControllerIT]
13:06:19.459 [Test worker] DEBUG o.s.t.annotation.ProfileValueUtils - Retrieved @ProfileValueSourceConfiguration [null] for test class [com.analytique.hello.HelloControllerIT]
13:06:19.459 [Test worker] DEBUG o.s.t.annotation.ProfileValueUtils - Retrieved ProfileValueSource type [class org.springframework.test.annotation.SystemProfileValueSource] for class [com.analytique.hello.HelloControllerIT]
13:06:19.460 [Test worker] DEBUG o.s.t.annotation.ProfileValueUtils - Retrieved @ProfileValueSourceConfiguration [null] for test class [com.analytique.hello.HelloControllerIT]
13:06:19.460 [Test worker] DEBUG o.s.t.annotation.ProfileValueUtils - Retrieved ProfileValueSource type [class org.springframework.test.annotation.SystemProfileValueSource] for class [com.analytique.hello.HelloControllerIT]
13:06:19.462 [Test worker] DEBUG o.s.t.annotation.ProfileValueUtils - Retrieved @ProfileValueSourceConfiguration [null] for test class [com.analytique.hello.HelloControllerIT]
13:06:19.462 [Test worker] DEBUG o.s.t.annotation.ProfileValueUtils - Retrieved ProfileValueSource type [class org.springframework.test.annotation.SystemProfileValueSource] for class [com.analytique.hello.HelloControllerIT]
13:06:19.464 [Test worker] DEBUG o.s.test.util.ReflectionTestUtils - Getting field [mergedContextConfiguration] from target [[DefaultTestContext@7ec88c97 testClass = HelloControllerIT, testInstance = com.analytique.hello.HelloControllerIT@6807d400, testMethod = [null], testException = [null], mergedContextConfiguration = [WebMergedContextConfiguration@6038cfa testClass = HelloControllerIT, locations = '{}', classes = '{class com.analytique.config.ApplicationConfig}', contextInitializerClasses = '[]', activeProfiles = '{}', propertySourceLocations = '{}', propertySourceProperties = '{}', resourceBasePath = 'src/main/webapp', contextLoader = 'org.springframework.boot.test.SpringApplicationContextLoader', parent = [null]]]]
13:06:19.465 [Test worker] DEBUG o.s.test.util.ReflectionTestUtils - Setting field [propertySourceProperties] of type [null] on target [[WebMergedContextConfiguration@6038cfa testClass = HelloControllerIT, locations = '{}', classes = '{class com.analytique.config.ApplicationConfig}', contextInitializerClasses = '[]', activeProfiles = '{}', propertySourceLocations = '{}', propertySourceProperties = '{}', resourceBasePath = 'src/main/webapp', contextLoader = 'org.springframework.boot.test.SpringApplicationContextLoader', parent = [null]]] to value [[Ljava.lang.String;@6760b920]
13:06:19.466 [Test worker] DEBUG o.s.t.c.s.DependencyInjectionTestExecutionListener - Performing dependency injection for test context [[DefaultTestContext@7ec88c97 testClass = HelloControllerIT, testInstance = com.analytique.hello.HelloControllerIT@6807d400, testMethod = [null], testException = [null], mergedContextConfiguration = [WebMergedContextConfiguration@6038cfa testClass = HelloControllerIT, locations = '{}', classes = '{class com.analytique.config.ApplicationConfig}', contextInitializerClasses = '[]', activeProfiles = '{}', propertySourceLocations = '{}', propertySourceProperties = '{server.port=0, org.springframework.boot.test.IntegrationTest=true}', resourceBasePath = 'src/main/webapp', contextLoader = 'org.springframework.boot.test.SpringApplicationContextLoader', parent = [null]]]].
13:06:19.551 [Test worker] DEBUG o.s.core.env.StandardEnvironment - Adding [systemProperties] PropertySource with lowest search precedence
13:06:19.553 [Test worker] DEBUG o.s.core.env.StandardEnvironment - Adding [systemEnvironment] PropertySource with lowest search precedence
13:06:19.553 [Test worker] DEBUG o.s.core.env.StandardEnvironment - Initialized StandardEnvironment with PropertySources [systemProperties,systemEnvironment]
13:06:19.554 [Test worker] DEBUG o.s.core.env.StandardEnvironment - Adding [integrationTest] PropertySource with search precedence immediately lower than [systemEnvironment]

  .   ____          _            __ _ _
 /\\ / ___'_ __ _ _(_)_ __  __ _ \ \ \ \
( ( )\___ | '_ | '_| | '_ \/ _` | \ \ \ \
 \\/  ___)| |_)| | | | | || (_| |  ) ) ) )
  '  |____| .__|_| |_|_| |_\__, | / / / /
 =========|_|==============|___/=/_/_/_/
 :: Spring Boot ::        (v1.2.5.RELEASE)

2015-09-30 13:06:19.771  INFO 6716 --- [    Test worker] com.analytique.hello.HelloControllerIT   : Starting HelloControllerIT on d79535 with PID 6716 (C:\WORKPLACE\MyRepo\myhome\productx\build\classes\test started by idnhej in C:\WORKPLACE\MyRepo\myhome\productx)
2015-09-30 13:06:19.815  INFO 6716 --- [    Test worker] ationConfigEmbeddedWebApplicationContext : Refreshing org.springframework.boot.context.embedded.AnnotationConfigEmbeddedWebApplicationContext@30dfa2d3: startup date [Wed Sep 30 13:06:19 CDT 2015]; root of context hierarchy
2015-09-30 13:06:21.114  INFO 6716 --- [    Test worker] o.s.b.f.s.DefaultListableBeanFactory     : Overriding bean definition for bean 'org.springframework.integration.context.defaultPollerMetadata': replacing [Root bean: class [null]; scope=; abstract=false; lazyInit=false; autowireMode=3; dependencyCheck=0; autowireCandidate=true; primary=false; factoryBeanName=bookingRawDataPopulationConfig; factoryMethodName=poller; initMethodName=null; destroyMethodName=(inferred); defined in class path resource [com/analytique/config/BookingRawDataPopulationConfig.class]] with [Root bean: class [null]; scope=; abstract=false; lazyInit=false; autowireMode=3; dependencyCheck=0; autowireCandidate=true; primary=false; factoryBeanName=movieRawInformationPopulationConfig; factoryMethodName=poller; initMethodName=null; destroyMethodName=(inferred); defined in class path resource [com/analytique/config/MovieRawInformationPopulationConfig.class]]
2015-09-30 13:06:21.115  INFO 6716 --- [    Test worker] o.s.b.f.s.DefaultListableBeanFactory     : Overriding bean definition for bean 'org.springframework.integration.context.defaultPollerMetadata': replacing [Root bean: class [null]; scope=; abstract=false; lazyInit=false; autowireMode=3; dependencyCheck=0; autowireCandidate=true; primary=false; factoryBeanName=movieRawInformationPopulationConfig; factoryMethodName=poller; initMethodName=null; destroyMethodName=(inferred); defined in class path resource [com/analytique/config/MovieRawInformationPopulationConfig.class]] with [Root bean: class [null]; scope=; abstract=false; lazyInit=false; autowireMode=3; dependencyCheck=0; autowireCandidate=true; primary=false; factoryBeanName=theaterInformationPopulationConfig; factoryMethodName=poller; initMethodName=null; destroyMethodName=(inferred); defined in class path resource [com/analytique/config/TheaterInformationPopulationConfig.class]]
2015-09-30 13:06:21.115  INFO 6716 --- [    Test worker] o.s.b.f.s.DefaultListableBeanFactory     : Overriding bean definition for bean 'movieInformationFlow': replacing [Root bean: class [null]; scope=; abstract=false; lazyInit=false; autowireMode=3; dependencyCheck=0; autowireCandidate=true; primary=false; factoryBeanName=movieRawInformationPopulationConfig; factoryMethodName=movieInformationFlow; initMethodName=null; destroyMethodName=(inferred); defined in class path resource [com/analytique/config/MovieRawInformationPopulationConfig.class]] with [Root bean: class [null]; scope=; abstract=false; lazyInit=false; autowireMode=3; dependencyCheck=0; autowireCandidate=true; primary=false; factoryBeanName=theaterInformationPopulationConfig; factoryMethodName=movieInformationFlow; initMethodName=null; destroyMethodName=(inferred); defined in class path resource [com/analytique/config/TheaterInformationPopulationConfig.class]]
2015-09-30 13:06:21.199  INFO 6716 --- [    Test worker] o.s.b.f.s.DefaultListableBeanFactory     : Overriding bean definition for bean 'beanNameViewResolver': replacing [Root bean: class [null]; scope=; abstract=false; lazyInit=false; autowireMode=3; dependencyCheck=0; autowireCandidate=true; primary=false; factoryBeanName=org.springframework.boot.autoconfigure.web.ErrorMvcAutoConfiguration$WhitelabelErrorViewConfiguration; factoryMethodName=beanNameViewResolver; initMethodName=null; destroyMethodName=(inferred); defined in class path resource [org/springframework/boot/autoconfigure/web/ErrorMvcAutoConfiguration$WhitelabelErrorViewConfiguration.class]] with [Root bean: class [null]; scope=; abstract=false; lazyInit=false; autowireMode=3; dependencyCheck=0; autowireCandidate=true; primary=false; factoryBeanName=org.springframework.boot.autoconfigure.web.WebMvcAutoConfiguration$WebMvcAutoConfigurationAdapter; factoryMethodName=beanNameViewResolver; initMethodName=null; destroyMethodName=(inferred); defined in class path resource [org/springframework/boot/autoconfigure/web/WebMvcAutoConfiguration$WebMvcAutoConfigurationAdapter.class]]
2015-09-30 13:06:21.320  INFO 6716 --- [    Test worker] o.s.b.f.config.PropertiesFactoryBean     : Loading properties file from URL [jar:file:/C:/Users/idnhej/.gradle/caches/modules-2/files-2.1/org.springframework.integration/spring-integration-core/4.1.5.RELEASE/a20eae2af5e3a806136c6d8c9f4d51b01dc04d9e/spring-integration-core-4.1.5.RELEASE.jar!/META-INF/spring.integration.default.properties]
2015-09-30 13:06:21.323  INFO 6716 --- [    Test worker] o.s.i.config.IntegrationRegistrar        : No bean named 'integrationHeaderChannelRegistry' has been explicitly defined. Therefore, a default DefaultHeaderChannelRegistry will be created.
2015-09-30 13:06:21.629  INFO 6716 --- [    Test worker] faultConfiguringBeanFactoryPostProcessor : No bean named 'errorChannel' has been explicitly defined. Therefore, a default PublishSubscribeChannel will be created.
2015-09-30 13:06:21.634  INFO 6716 --- [    Test worker] faultConfiguringBeanFactoryPostProcessor : No bean named 'taskScheduler' has been explicitly defined. Therefore, a default ThreadPoolTaskScheduler will be created.
2015-09-30 13:06:21.666  INFO 6716 --- [    Test worker] f.a.AutowiredAnnotationBeanPostProcessor : JSR-330 'javax.inject.Inject' annotation found and supported for autowiring
2015-09-30 13:06:22.076  INFO 6716 --- [    Test worker] o.s.b.f.config.PropertiesFactoryBean     : Loading properties file from URL [jar:file:/C:/Users/idnhej/.gradle/caches/modules-2/files-2.1/org.springframework.integration/spring-integration-core/4.1.5.RELEASE/a20eae2af5e3a806136c6d8c9f4d51b01dc04d9e/spring-integration-core-4.1.5.RELEASE.jar!/META-INF/spring.integration.default.properties]
2015-09-30 13:06:22.077  INFO 6716 --- [    Test worker] trationDelegate$BeanPostProcessorChecker : Bean 'integrationGlobalProperties' of type [class org.springframework.beans.factory.config.PropertiesFactoryBean] is not eligible for getting processed by all BeanPostProcessors (for example: not eligible for auto-proxying)
2015-09-30 13:06:22.077  INFO 6716 --- [    Test worker] trationDelegate$BeanPostProcessorChecker : Bean 'integrationGlobalProperties' of type [class java.util.Properties] is not eligible for getting processed by all BeanPostProcessors (for example: not eligible for auto-proxying)
2015-09-30 13:06:22.081  INFO 6716 --- [    Test worker] trationDelegate$BeanPostProcessorChecker : Bean 'messageBuilderFactory' of type [class org.springframework.integration.support.DefaultMessageBuilderFactory] is not eligible for getting processed by all BeanPostProcessors (for example: not eligible for auto-proxying)
2015-09-30 13:06:22.119  INFO 6716 --- [    Test worker] trationDelegate$BeanPostProcessorChecker : Bean '(inner bean)#5a57630e' of type [class org.springframework.integration.channel.MessagePublishingErrorHandler] is not eligible for getting processed by all BeanPostProcessors (for example: not eligible for auto-proxying)
2015-09-30 13:06:22.119  INFO 6716 --- [    Test worker] o.s.s.c.ThreadPoolTaskScheduler          : Initializing ExecutorService  'taskScheduler'
2015-09-30 13:06:22.120  INFO 6716 --- [    Test worker] trationDelegate$BeanPostProcessorChecker : Bean 'taskScheduler' of type [class org.springframework.scheduling.concurrent.ThreadPoolTaskScheduler] is not eligible for getting processed by all BeanPostProcessors (for example: not eligible for auto-proxying)
2015-09-30 13:06:22.120  INFO 6716 --- [    Test worker] trationDelegate$BeanPostProcessorChecker : Bean 'integrationHeaderChannelRegistry' of type [class org.springframework.integration.channel.DefaultHeaderChannelRegistry] is not eligible for getting processed by all BeanPostProcessors (for example: not eligible for auto-proxying)
2015-09-30 13:06:22.511  INFO 6716 --- [    Test worker] s.b.c.e.t.TomcatEmbeddedServletContainer : Tomcat initialized with port(s): 0 (http)
2015-09-30 13:06:22.673  INFO 6716 --- [    Test worker] o.apache.catalina.core.StandardService   : Starting service Tomcat
2015-09-30 13:06:22.674  INFO 6716 --- [    Test worker] org.apache.catalina.core.StandardEngine  : Starting Servlet Engine: Apache Tomcat/8.0.23
2015-09-30 13:06:22.774  INFO 6716 --- [ost-startStop-1] o.a.c.c.C.[Tomcat].[localhost].[/]       : Initializing Spring embedded WebApplicationContext
2015-09-30 13:06:22.774  INFO 6716 --- [ost-startStop-1] o.s.web.context.ContextLoader            : Root WebApplicationContext: initialization completed in 2962 ms
2015-09-30 13:06:23.167  INFO 6716 --- [ost-startStop-1] o.s.s.concurrent.ThreadPoolTaskExecutor  : Initializing ExecutorService  'metricsExecutor'
2015-09-30 13:06:24.353  WARN 6716 --- [ost-startStop-1] o.s.d.m.c.m.BasicMongoPersistentProperty : Customizing field name for id property not allowed! Custom name will not be considered!
2015-09-30 13:06:24.444  WARN 6716 --- [ost-startStop-1] o.s.d.m.c.m.BasicMongoPersistentProperty : Customizing field name for id property not allowed! Custom name will not be considered!
2015-09-30 13:06:24.672  INFO 6716 --- [ost-startStop-1] o.s.b.c.e.ServletRegistrationBean        : Mapping servlet: 'dispatcherServlet' to [/]
2015-09-30 13:06:24.677  INFO 6716 --- [ost-startStop-1] o.s.b.c.embedded.FilterRegistrationBean  : Mapping filter: 'metricFilter' to: [/*]
2015-09-30 13:06:24.678  INFO 6716 --- [ost-startStop-1] o.s.b.c.embedded.FilterRegistrationBean  : Mapping filter: 'characterEncodingFilter' to: [/*]
2015-09-30 13:06:24.678  INFO 6716 --- [ost-startStop-1] o.s.b.c.embedded.FilterRegistrationBean  : Mapping filter: 'hiddenHttpMethodFilter' to: [/*]
2015-09-30 13:06:24.678  INFO 6716 --- [ost-startStop-1] o.s.b.c.embedded.FilterRegistrationBean  : Mapping filter: 'webRequestLoggingFilter' to: [/*]
2015-09-30 13:06:24.678  INFO 6716 --- [ost-startStop-1] o.s.b.c.embedded.FilterRegistrationBean  : Mapping filter: 'applicationContextIdFilter' to: [/*]
2015-09-30 13:06:24.902  INFO 6716 --- [    Test worker] o.s.b.f.config.PropertiesFactoryBean     : Loading properties file from class path resource [rest-default-messages.properties]
2015-09-30 13:06:25.142  INFO 6716 --- [    Test worker] s.w.s.m.m.a.RequestMappingHandlerAdapter : Looking for @ControllerAdvice: org.springframework.boot.context.embedded.AnnotationConfigEmbeddedWebApplicationContext@30dfa2d3: startup date [Wed Sep 30 13:06:19 CDT 2015]; root of context hierarchy
2015-09-30 13:06:25.195  INFO 6716 --- [    Test worker] s.w.s.m.m.a.RequestMappingHandlerMapping : Mapped "{[/]}" onto public java.lang.String com.analytique.hello.HelloController.index()
2015-09-30 13:06:25.197  INFO 6716 --- [    Test worker] s.w.s.m.m.a.RequestMappingHandlerMapping : Mapped "{[/error]}" onto public org.springframework.http.ResponseEntity<java.util.Map<java.lang.String, java.lang.Object>> org.springframework.boot.autoconfigure.web.BasicErrorController.error(javax.servlet.http.HttpServletRequest)
2015-09-30 13:06:25.197  INFO 6716 --- [    Test worker] s.w.s.m.m.a.RequestMappingHandlerMapping : Mapped "{[/error],produces=[text/html]}" onto public org.springframework.web.servlet.ModelAndView org.springframework.boot.autoconfigure.web.BasicErrorController.errorHtml(javax.servlet.http.HttpServletRequest)
2015-09-30 13:06:25.224  INFO 6716 --- [    Test worker] o.s.w.s.handler.SimpleUrlHandlerMapping  : Mapped URL path [/webjars/**] onto handler of type [class org.springframework.web.servlet.resource.ResourceHttpRequestHandler]
2015-09-30 13:06:25.225  INFO 6716 --- [    Test worker] o.s.w.s.handler.SimpleUrlHandlerMapping  : Mapped URL path [/**] onto handler of type [class org.springframework.web.servlet.resource.ResourceHttpRequestHandler]
2015-09-30 13:06:25.261  INFO 6716 --- [    Test worker] o.s.w.s.handler.SimpleUrlHandlerMapping  : Mapped URL path [/**/favicon.ico] onto handler of type [class org.springframework.web.servlet.resource.ResourceHttpRequestHandler]
2015-09-30 13:06:25.533  INFO 6716 --- [    Test worker] o.s.b.a.e.mvc.EndpointHandlerMapping     : Mapped "{[/configprops],methods=[GET]}" onto public java.lang.Object org.springframework.boot.actuate.endpoint.mvc.EndpointMvcAdapter.invoke()
2015-09-30 13:06:25.534  INFO 6716 --- [    Test worker] o.s.b.a.e.mvc.EndpointHandlerMapping     : Mapped "{[/dump],methods=[GET]}" onto public java.lang.Object org.springframework.boot.actuate.endpoint.mvc.EndpointMvcAdapter.invoke()
2015-09-30 13:06:25.534  INFO 6716 --- [    Test worker] o.s.b.a.e.mvc.EndpointHandlerMapping     : Mapped "{[/trace],methods=[GET]}" onto public java.lang.Object org.springframework.boot.actuate.endpoint.mvc.EndpointMvcAdapter.invoke()
2015-09-30 13:06:25.534  INFO 6716 --- [    Test worker] o.s.b.a.e.mvc.EndpointHandlerMapping     : Mapped "{[/env/{name:.*}],methods=[GET]}" onto public java.lang.Object org.springframework.boot.actuate.endpoint.mvc.EnvironmentMvcEndpoint.value(java.lang.String)
2015-09-30 13:06:25.535  INFO 6716 --- [    Test worker] o.s.b.a.e.mvc.EndpointHandlerMapping     : Mapped "{[/env],methods=[GET]}" onto public java.lang.Object org.springframework.boot.actuate.endpoint.mvc.EndpointMvcAdapter.invoke()
2015-09-30 13:06:25.535  INFO 6716 --- [    Test worker] o.s.b.a.e.mvc.EndpointHandlerMapping     : Mapped "{[/metrics/{name:.*}],methods=[GET]}" onto public java.lang.Object org.springframework.boot.actuate.endpoint.mvc.MetricsMvcEndpoint.value(java.lang.String)
2015-09-30 13:06:25.535  INFO 6716 --- [    Test worker] o.s.b.a.e.mvc.EndpointHandlerMapping     : Mapped "{[/metrics],methods=[GET]}" onto public java.lang.Object org.springframework.boot.actuate.endpoint.mvc.EndpointMvcAdapter.invoke()
2015-09-30 13:06:25.536  INFO 6716 --- [    Test worker] o.s.b.a.e.mvc.EndpointHandlerMapping     : Mapped "{[/mappings],methods=[GET]}" onto public java.lang.Object org.springframework.boot.actuate.endpoint.mvc.EndpointMvcAdapter.invoke()
2015-09-30 13:06:25.536  INFO 6716 --- [    Test worker] o.s.b.a.e.mvc.EndpointHandlerMapping     : Mapped "{[/autoconfig],methods=[GET]}" onto public java.lang.Object org.springframework.boot.actuate.endpoint.mvc.EndpointMvcAdapter.invoke()
2015-09-30 13:06:25.536  INFO 6716 --- [    Test worker] o.s.b.a.e.mvc.EndpointHandlerMapping     : Mapped "{[/info],methods=[GET]}" onto public java.lang.Object org.springframework.boot.actuate.endpoint.mvc.EndpointMvcAdapter.invoke()
2015-09-30 13:06:25.536  INFO 6716 --- [    Test worker] o.s.b.a.e.mvc.EndpointHandlerMapping     : Mapped "{[/beans],methods=[GET]}" onto public java.lang.Object org.springframework.boot.actuate.endpoint.mvc.EndpointMvcAdapter.invoke()
2015-09-30 13:06:25.537  INFO 6716 --- [    Test worker] o.s.b.a.e.mvc.EndpointHandlerMapping     : Mapped "{[/health]}" onto public java.lang.Object org.springframework.boot.actuate.endpoint.mvc.HealthMvcEndpoint.invoke(java.security.Principal)
2015-09-30 13:06:25.604  INFO 6716 --- [    Test worker] o.s.d.r.w.RepositoryRestHandlerAdapter   : Looking for @ControllerAdvice: org.springframework.boot.context.embedded.AnnotationConfigEmbeddedWebApplicationContext@30dfa2d3: startup date [Wed Sep 30 13:06:19 CDT 2015]; root of context hierarchy
2015-09-30 13:06:25.618  INFO 6716 --- [    Test worker] o.s.d.r.w.RepositoryRestHandlerMapping   : Mapped "{[/{repository}/{id}],methods=[GET]}" onto public org.springframework.http.ResponseEntity<org.springframework.hateoas.Resource<?>> org.springframework.data.rest.webmvc.RepositoryEntityController.getItemResource(org.springframework.data.rest.webmvc.RootResourceInformation,java.io.Serializable,org.springframework.data.rest.webmvc.PersistentEntityResourceAssembler) throws org.springframework.web.HttpRequestMethodNotSupportedException
2015-09-30 13:06:25.619  INFO 6716 --- [    Test worker] o.s.d.r.w.RepositoryRestHandlerMapping   : Mapped "{[/{repository}/{id}],methods=[PUT]}" onto public org.springframework.http.ResponseEntity<? extends org.springframework.hateoas.ResourceSupport> org.springframework.data.rest.webmvc.RepositoryEntityController.putItemResource(org.springframework.data.rest.webmvc.RootResourceInformation,org.springframework.data.rest.webmvc.PersistentEntityResource,java.io.Serializable,org.springframework.data.rest.webmvc.PersistentEntityResourceAssembler) throws org.springframework.web.HttpRequestMethodNotSupportedException
2015-09-30 13:06:25.620  INFO 6716 --- [    Test worker] o.s.d.r.w.RepositoryRestHandlerMapping   : Mapped "{[/{repository}],methods=[OPTIONS]}" onto public org.springframework.http.ResponseEntity<?> org.springframework.data.rest.webmvc.RepositoryEntityController.optionsForCollectionResource(org.springframework.data.rest.webmvc.RootResourceInformation)
2015-09-30 13:06:25.620  INFO 6716 --- [    Test worker] o.s.d.r.w.RepositoryRestHandlerMapping   : Mapped "{[/{repository}],methods=[HEAD]}" onto public org.springframework.http.ResponseEntity<?> org.springframework.data.rest.webmvc.RepositoryEntityController.headCollectionResource(org.springframework.data.rest.webmvc.RootResourceInformation) throws org.springframework.web.HttpRequestMethodNotSupportedException
2015-09-30 13:06:25.620  INFO 6716 --- [    Test worker] o.s.d.r.w.RepositoryRestHandlerMapping   : Mapped "{[/{repository}],methods=[GET]}" onto public org.springframework.hateoas.Resources<?> org.springframework.data.rest.webmvc.RepositoryEntityController.getCollectionResource(org.springframework.data.rest.webmvc.RootResourceInformation,org.springframework.data.rest.webmvc.support.DefaultedPageable,org.springframework.data.domain.Sort,org.springframework.data.rest.webmvc.PersistentEntityResourceAssembler) throws org.springframework.data.rest.webmvc.ResourceNotFoundException,org.springframework.web.HttpRequestMethodNotSupportedException
2015-09-30 13:06:25.620  INFO 6716 --- [    Test worker] o.s.d.r.w.RepositoryRestHandlerMapping   : Mapped "{[/{repository}],methods=[GET],produces=[application/x-spring-data-compact+json || text/uri-list]}" onto public org.springframework.hateoas.Resources<?> org.springframework.data.rest.webmvc.RepositoryEntityController.getCollectionResourceCompact(org.springframework.data.rest.webmvc.RootResourceInformation,org.springframework.data.rest.webmvc.support.DefaultedPageable,org.springframework.data.domain.Sort,org.springframework.data.rest.webmvc.PersistentEntityResourceAssembler) throws org.springframework.data.rest.webmvc.ResourceNotFoundException,org.springframework.web.HttpRequestMethodNotSupportedException
2015-09-30 13:06:25.620  INFO 6716 --- [    Test worker] o.s.d.r.w.RepositoryRestHandlerMapping   : Mapped "{[/{repository}],methods=[POST]}" onto public org.springframework.http.ResponseEntity<org.springframework.hateoas.ResourceSupport> org.springframework.data.rest.webmvc.RepositoryEntityController.postCollectionResource(org.springframework.data.rest.webmvc.RootResourceInformation,org.springframework.data.rest.webmvc.PersistentEntityResource,org.springframework.data.rest.webmvc.PersistentEntityResourceAssembler) throws org.springframework.web.HttpRequestMethodNotSupportedException
2015-09-30 13:06:25.620  INFO 6716 --- [    Test worker] o.s.d.r.w.RepositoryRestHandlerMapping   : Mapped "{[/{repository}/{id}],methods=[OPTIONS]}" onto public org.springframework.http.ResponseEntity<?> org.springframework.data.rest.webmvc.RepositoryEntityController.optionsForItemResource(org.springframework.data.rest.webmvc.RootResourceInformation)
2015-09-30 13:06:25.621  INFO 6716 --- [    Test worker] o.s.d.r.w.RepositoryRestHandlerMapping   : Mapped "{[/{repository}/{id}],methods=[HEAD]}" onto public org.springframework.http.ResponseEntity<?> org.springframework.data.rest.webmvc.RepositoryEntityController.headForItemResource(org.springframework.data.rest.webmvc.RootResourceInformation,java.io.Serializable) throws org.springframework.web.HttpRequestMethodNotSupportedException
2015-09-30 13:06:25.621  INFO 6716 --- [    Test worker] o.s.d.r.w.RepositoryRestHandlerMapping   : Mapped "{[/{repository}/{id}],methods=[PATCH]}" onto public org.springframework.http.ResponseEntity<org.springframework.hateoas.ResourceSupport> org.springframework.data.rest.webmvc.RepositoryEntityController.patchItemResource(org.springframework.data.rest.webmvc.RootResourceInformation,org.springframework.data.rest.webmvc.PersistentEntityResource,java.io.Serializable,org.springframework.data.rest.webmvc.PersistentEntityResourceAssembler) throws org.springframework.web.HttpRequestMethodNotSupportedException,org.springframework.data.rest.webmvc.ResourceNotFoundException
2015-09-30 13:06:25.621  INFO 6716 --- [    Test worker] o.s.d.r.w.RepositoryRestHandlerMapping   : Mapped "{[/{repository}/{id}],methods=[DELETE]}" onto public org.springframework.http.ResponseEntity<?> org.springframework.data.rest.webmvc.RepositoryEntityController.deleteItemResource(org.springframework.data.rest.webmvc.RootResourceInformation,java.io.Serializable) throws org.springframework.data.rest.webmvc.ResourceNotFoundException,org.springframework.web.HttpRequestMethodNotSupportedException
2015-09-30 13:06:25.622  INFO 6716 --- [    Test worker] o.s.d.r.w.RepositoryRestHandlerMapping   : Mapped "{[/],methods=[GET]}" onto public org.springframework.http.HttpEntity<org.springframework.data.rest.webmvc.RepositoryLinksResource> org.springframework.data.rest.webmvc.RepositoryController.listRepositories()
2015-09-30 13:06:25.622  INFO 6716 --- [    Test worker] o.s.d.r.w.RepositoryRestHandlerMapping   : Mapped "{[/],methods=[OPTIONS]}" onto public org.springframework.http.HttpEntity<?> org.springframework.data.rest.webmvc.RepositoryController.optionsForRepositories()
2015-09-30 13:06:25.622  INFO 6716 --- [    Test worker] o.s.d.r.w.RepositoryRestHandlerMapping   : Mapped "{[/],methods=[HEAD]}" onto public org.springframework.http.ResponseEntity<?> org.springframework.data.rest.webmvc.RepositoryController.headForRepositories()
2015-09-30 13:06:25.623  INFO 6716 --- [    Test worker] o.s.d.r.w.RepositoryRestHandlerMapping   : Mapped "{[/{repository}/{id}/{property}],methods=[GET]}" onto public org.springframework.http.ResponseEntity<org.springframework.hateoas.ResourceSupport> org.springframework.data.rest.webmvc.RepositoryPropertyReferenceController.followPropertyReference(org.springframework.data.rest.webmvc.RootResourceInformation,java.io.Serializable,java.lang.String,org.springframework.data.rest.webmvc.PersistentEntityResourceAssembler) throws java.lang.Exception
2015-09-30 13:06:25.624  INFO 6716 --- [    Test worker] o.s.d.r.w.RepositoryRestHandlerMapping   : Mapped "{[/{repository}/{id}/{property}/{propertyId}],methods=[GET]}" onto public org.springframework.http.ResponseEntity<org.springframework.hateoas.ResourceSupport> org.springframework.data.rest.webmvc.RepositoryPropertyReferenceController.followPropertyReference(org.springframework.data.rest.webmvc.RootResourceInformation,java.io.Serializable,java.lang.String,java.lang.String,org.springframework.data.rest.webmvc.PersistentEntityResourceAssembler) throws java.lang.Exception
2015-09-30 13:06:25.624  INFO 6716 --- [    Test worker] o.s.d.r.w.RepositoryRestHandlerMapping   : Mapped "{[/{repository}/{id}/{property}],methods=[DELETE]}" onto public org.springframework.http.ResponseEntity<? extends org.springframework.hateoas.ResourceSupport> org.springframework.data.rest.webmvc.RepositoryPropertyReferenceController.deletePropertyReference(org.springframework.data.rest.webmvc.RootResourceInformation,java.io.Serializable,java.lang.String) throws java.lang.Exception
2015-09-30 13:06:25.624  INFO 6716 --- [    Test worker] o.s.d.r.w.RepositoryRestHandlerMapping   : Mapped "{[/{repository}/{id}/{property}],methods=[GET],produces=[application/x-spring-data-compact+json || text/uri-list]}" onto public org.springframework.http.ResponseEntity<org.springframework.hateoas.ResourceSupport> org.springframework.data.rest.webmvc.RepositoryPropertyReferenceController.followPropertyReferenceCompact(org.springframework.data.rest.webmvc.RootResourceInformation,java.io.Serializable,java.lang.String,org.springframework.data.rest.webmvc.PersistentEntityResourceAssembler) throws java.lang.Exception
2015-09-30 13:06:25.624  INFO 6716 --- [    Test worker] o.s.d.r.w.RepositoryRestHandlerMapping   : Mapped "{[/{repository}/{id}/{property}],methods=[PATCH || PUT],consumes=[application/json || application/x-spring-data-compact+json || text/uri-list]}" onto public org.springframework.http.ResponseEntity<? extends org.springframework.hateoas.ResourceSupport> org.springframework.data.rest.webmvc.RepositoryPropertyReferenceController.createPropertyReference(org.springframework.data.rest.webmvc.RootResourceInformation,org.springframework.http.HttpMethod,org.springframework.hateoas.Resources<java.lang.Object>,java.io.Serializable,java.lang.String) throws java.lang.Exception
2015-09-30 13:06:25.624  INFO 6716 --- [    Test worker] o.s.d.r.w.RepositoryRestHandlerMapping   : Mapped "{[/{repository}/{id}/{property}/{propertyId}],methods=[DELETE]}" onto public org.springframework.http.ResponseEntity<org.springframework.hateoas.ResourceSupport> org.springframework.data.rest.webmvc.RepositoryPropertyReferenceController.deletePropertyReferenceId(org.springframework.data.rest.webmvc.RootResourceInformation,java.io.Serializable,java.lang.String,java.lang.String) throws java.lang.Exception
2015-09-30 13:06:25.624  INFO 6716 --- [    Test worker] o.s.d.r.w.RepositoryRestHandlerMapping   : Mapped "{[/{repository}/schema],methods=[GET],produces=[application/schema+json]}" onto public org.springframework.http.HttpEntity<org.springframework.data.rest.webmvc.json.JsonSchema> org.springframework.data.rest.webmvc.RepositorySchemaController.schema(org.springframework.data.rest.webmvc.RootResourceInformation)
2015-09-30 13:06:25.625  INFO 6716 --- [    Test worker] o.s.d.r.w.RepositoryRestHandlerMapping   : Mapped "{[/{repository}/search],methods=[GET]}" onto public org.springframework.hateoas.ResourceSupport org.springframework.data.rest.webmvc.RepositorySearchController.listSearches(org.springframework.data.rest.webmvc.RootResourceInformation)
2015-09-30 13:06:25.625  INFO 6716 --- [    Test worker] o.s.d.r.w.RepositoryRestHandlerMapping   : Mapped "{[/{repository}/search/{search}],methods=[GET]}" onto public org.springframework.http.ResponseEntity<java.lang.Object> org.springframework.data.rest.webmvc.RepositorySearchController.executeSearch(org.springframework.data.rest.webmvc.RootResourceInformation,org.springframework.web.context.request.WebRequest,java.lang.String,org.springframework.data.rest.webmvc.support.DefaultedPageable,org.springframework.data.domain.Sort,org.springframework.data.rest.webmvc.PersistentEntityResourceAssembler)
2015-09-30 13:06:25.626  INFO 6716 --- [    Test worker] o.s.d.r.w.RepositoryRestHandlerMapping   : Mapped "{[/{repository}/search/{search}],methods=[HEAD]}" onto public org.springframework.http.ResponseEntity<java.lang.Object> org.springframework.data.rest.webmvc.RepositorySearchController.headForSearch(org.springframework.data.rest.webmvc.RootResourceInformation,java.lang.String)
2015-09-30 13:06:25.626  INFO 6716 --- [    Test worker] o.s.d.r.w.RepositoryRestHandlerMapping   : Mapped "{[/{repository}/search/{search}],methods=[OPTIONS]}" onto public org.springframework.http.ResponseEntity<java.lang.Object> org.springframework.data.rest.webmvc.RepositorySearchController.optionsForSearch(org.springframework.data.rest.webmvc.RootResourceInformation,java.lang.String)
2015-09-30 13:06:25.626  INFO 6716 --- [    Test worker] o.s.d.r.w.RepositoryRestHandlerMapping   : Mapped "{[/{repository}/search],methods=[HEAD]}" onto public org.springframework.http.HttpEntity<?> org.springframework.data.rest.webmvc.RepositorySearchController.headForSearches(org.springframework.data.rest.webmvc.RootResourceInformation)
2015-09-30 13:06:25.626  INFO 6716 --- [    Test worker] o.s.d.r.w.RepositoryRestHandlerMapping   : Mapped "{[/{repository}/search],methods=[OPTIONS]}" onto public org.springframework.http.HttpEntity<?> org.springframework.data.rest.webmvc.RepositorySearchController.optionsForSearches(org.springframework.data.rest.webmvc.RootResourceInformation)
2015-09-30 13:06:25.626  INFO 6716 --- [    Test worker] o.s.d.r.w.RepositoryRestHandlerMapping   : Mapped "{[/{repository}/search/{search}],methods=[GET],produces=[application/x-spring-data-compact+json]}" onto public org.springframework.hateoas.ResourceSupport org.springframework.data.rest.webmvc.RepositorySearchController.executeSearchCompact(org.springframework.data.rest.webmvc.RootResourceInformation,org.springframework.web.context.request.WebRequest,java.lang.String,java.lang.String,org.springframework.data.rest.webmvc.support.DefaultedPageable,org.springframework.data.domain.Sort,org.springframework.data.rest.webmvc.PersistentEntityResourceAssembler)
2015-09-30 13:06:25.631  INFO 6716 --- [    Test worker] o.s.d.r.w.BaseUriAwareHandlerMapping     : Mapped "{[/alps/{repository}],methods=[GET]}" onto org.springframework.http.HttpEntity<org.springframework.data.rest.webmvc.RootResourceInformation> org.springframework.data.rest.webmvc.alps.AlpsController.descriptor(org.springframework.data.rest.webmvc.RootResourceInformation)
2015-09-30 13:06:25.631  INFO 6716 --- [    Test worker] o.s.d.r.w.BaseUriAwareHandlerMapping     : Mapped "{[/alps],methods=[GET]}" onto org.springframework.http.HttpEntity<org.springframework.hateoas.alps.Alps> org.springframework.data.rest.webmvc.alps.AlpsController.alps()
2015-09-30 13:06:25.631  INFO 6716 --- [    Test worker] o.s.d.r.w.BaseUriAwareHandlerMapping     : Mapped "{[/alps || /alps/{repository}],methods=[OPTIONS]}" onto org.springframework.http.HttpEntity<?> org.springframework.data.rest.webmvc.alps.AlpsController.alpsOptions()
2015-09-30 13:06:25.713  INFO 6716 --- [    Test worker] o.s.c.support.DefaultLifecycleProcessor  : Starting beans in phase -2147483648
2015-09-30 13:06:25.715  INFO 6716 --- [    Test worker] o.s.c.support.DefaultLifecycleProcessor  : Starting beans in phase 0
2015-09-30 13:06:25.715  INFO 6716 --- [    Test worker] o.s.i.endpoint.EventDrivenConsumer       : Adding {logging-channel-adapter:_org.springframework.integration.errorLogger} as a subscriber to the 'errorChannel' channel
2015-09-30 13:06:25.715  INFO 6716 --- [    Test worker] o.s.i.channel.PublishSubscribeChannel    : Channel 'application:0.errorChannel' has 1 subscriber(s).
2015-09-30 13:06:25.715  INFO 6716 --- [    Test worker] o.s.i.endpoint.EventDrivenConsumer       : started _org.springframework.integration.errorLogger
2015-09-30 13:06:25.715  INFO 6716 --- [    Test worker] o.s.i.endpoint.EventDrivenConsumer       : Adding {service-activator} as a subscriber to the 'rawDataPopulation.channel#0' channel
2015-09-30 13:06:25.715  INFO 6716 --- [    Test worker] o.s.integration.channel.DirectChannel    : Channel 'application:0.rawDataPopulation.channel#0' has 1 subscriber(s).
2015-09-30 13:06:25.715  INFO 6716 --- [    Test worker] o.s.i.endpoint.EventDrivenConsumer       : started org.springframework.integration.config.ConsumerEndpointFactoryBean#0
2015-09-30 13:06:25.716  INFO 6716 --- [    Test worker] o.s.i.endpoint.EventDrivenConsumer       : Adding {transformer} as a subscriber to the 'rawDataPopulation.channel#1' channel
2015-09-30 13:06:25.716  INFO 6716 --- [    Test worker] o.s.integration.channel.DirectChannel    : Channel 'application:0.rawDataPopulation.channel#1' has 1 subscriber(s).
2015-09-30 13:06:25.716  INFO 6716 --- [    Test worker] o.s.i.endpoint.EventDrivenConsumer       : started org.springframework.integration.config.ConsumerEndpointFactoryBean#1
2015-09-30 13:06:25.716  INFO 6716 --- [    Test worker] o.s.i.endpoint.EventDrivenConsumer       : Adding {transformer} as a subscriber to the 'rawDataPopulation.channel#2' channel
2015-09-30 13:06:25.716  INFO 6716 --- [    Test worker] o.s.integration.channel.DirectChannel    : Channel 'application:0.rawDataPopulation.channel#2' has 1 subscriber(s).
2015-09-30 13:06:25.716  INFO 6716 --- [    Test worker] o.s.i.endpoint.EventDrivenConsumer       : started org.springframework.integration.config.ConsumerEndpointFactoryBean#2
2015-09-30 13:06:25.716  INFO 6716 --- [    Test worker] o.s.i.endpoint.EventDrivenConsumer       : Adding {service-activator} as a subscriber to the 'rawDataPopulation.channel#3' channel
2015-09-30 13:06:25.716  INFO 6716 --- [    Test worker] o.s.integration.channel.DirectChannel    : Channel 'application:0.rawDataPopulation.channel#3' has 1 subscriber(s).
2015-09-30 13:06:25.716  INFO 6716 --- [    Test worker] o.s.i.endpoint.EventDrivenConsumer       : started org.springframework.integration.config.ConsumerEndpointFactoryBean#3
2015-09-30 13:06:25.716  INFO 6716 --- [    Test worker] o.s.i.endpoint.EventDrivenConsumer       : Adding {transformer} as a subscriber to the 'rawDataPopulation.channel#4' channel
2015-09-30 13:06:25.716  INFO 6716 --- [    Test worker] o.s.integration.channel.DirectChannel    : Channel 'application:0.rawDataPopulation.channel#4' has 1 subscriber(s).
2015-09-30 13:06:25.716  INFO 6716 --- [    Test worker] o.s.i.endpoint.EventDrivenConsumer       : started org.springframework.integration.config.ConsumerEndpointFactoryBean#4
2015-09-30 13:06:25.716  INFO 6716 --- [    Test worker] o.s.i.endpoint.EventDrivenConsumer       : Adding {service-activator} as a subscriber to the 'rawDataPopulation.channel#5' channel
2015-09-30 13:06:25.716  INFO 6716 --- [    Test worker] o.s.integration.channel.DirectChannel    : Channel 'application:0.rawDataPopulation.channel#5' has 1 subscriber(s).
2015-09-30 13:06:25.716  INFO 6716 --- [    Test worker] o.s.i.endpoint.EventDrivenConsumer       : started org.springframework.integration.config.ConsumerEndpointFactoryBean#5
2015-09-30 13:06:25.716  INFO 6716 --- [    Test worker] o.s.i.endpoint.EventDrivenConsumer       : Adding {} as a subscriber to the 'completedChannel' channel
2015-09-30 13:06:25.716  INFO 6716 --- [    Test worker] o.s.integration.channel.DirectChannel    : Channel 'application:0.completedChannel' has 1 subscriber(s).
2015-09-30 13:06:25.716  INFO 6716 --- [    Test worker] o.s.i.endpoint.EventDrivenConsumer       : started org.springframework.integration.config.ConsumerEndpointFactoryBean#6
2015-09-30 13:06:25.716  INFO 6716 --- [    Test worker] o.s.i.endpoint.EventDrivenConsumer       : Adding {service-activator} as a subscriber to the 'completedMessageFlow.channel#0' channel
2015-09-30 13:06:25.716  INFO 6716 --- [    Test worker] o.s.integration.channel.DirectChannel    : Channel 'application:0.completedMessageFlow.channel#0' has 1 subscriber(s).
2015-09-30 13:06:25.716  INFO 6716 --- [    Test worker] o.s.i.endpoint.EventDrivenConsumer       : started org.springframework.integration.config.ConsumerEndpointFactoryBean#7
2015-09-30 13:06:25.716  INFO 6716 --- [    Test worker] o.s.i.endpoint.EventDrivenConsumer       : Adding {transformer} as a subscriber to the 'errorChannel' channel
2015-09-30 13:06:25.723  INFO 6716 --- [    Test worker] o.s.i.channel.PublishSubscribeChannel    : Channel 'application:0.errorChannel' has 2 subscriber(s).
2015-09-30 13:06:25.723  INFO 6716 --- [    Test worker] o.s.i.endpoint.EventDrivenConsumer       : started org.springframework.integration.config.ConsumerEndpointFactoryBean#8
2015-09-30 13:06:25.723  INFO 6716 --- [    Test worker] o.s.i.endpoint.EventDrivenConsumer       : Adding {service-activator} as a subscriber to the 'errorChannelFlow.channel#0' channel
2015-09-30 13:06:25.723  INFO 6716 --- [    Test worker] o.s.integration.channel.DirectChannel    : Channel 'application:0.errorChannelFlow.channel#0' has 1 subscriber(s).
2015-09-30 13:06:25.723  INFO 6716 --- [    Test worker] o.s.i.endpoint.EventDrivenConsumer       : started org.springframework.integration.config.ConsumerEndpointFactoryBean#9
2015-09-30 13:06:25.723  INFO 6716 --- [    Test worker] o.s.i.endpoint.EventDrivenConsumer       : Adding {service-activator} as a subscriber to the 'movieInformationFlow.channel#0' channel
2015-09-30 13:06:25.723  INFO 6716 --- [    Test worker] o.s.integration.channel.DirectChannel    : Channel 'application:0.movieInformationFlow.channel#0' has 1 subscriber(s).
2015-09-30 13:06:25.723  INFO 6716 --- [    Test worker] o.s.i.endpoint.EventDrivenConsumer       : started org.springframework.integration.config.ConsumerEndpointFactoryBean#10
2015-09-30 13:06:25.723  INFO 6716 --- [    Test worker] o.s.i.endpoint.EventDrivenConsumer       : Adding {transformer} as a subscriber to the 'movieInformationFlow.channel#1' channel
2015-09-30 13:06:25.723  INFO 6716 --- [    Test worker] o.s.integration.channel.DirectChannel    : Channel 'application:0.movieInformationFlow.channel#1' has 1 subscriber(s).
2015-09-30 13:06:25.723  INFO 6716 --- [    Test worker] o.s.i.endpoint.EventDrivenConsumer       : started org.springframework.integration.config.ConsumerEndpointFactoryBean#11
2015-09-30 13:06:25.724  INFO 6716 --- [    Test worker] o.s.i.endpoint.EventDrivenConsumer       : Adding {service-activator} as a subscriber to the 'movieInformationFlow.channel#2' channel
2015-09-30 13:06:25.725  INFO 6716 --- [    Test worker] o.s.integration.channel.DirectChannel    : Channel 'application:0.movieInformationFlow.channel#2' has 1 subscriber(s).
2015-09-30 13:06:25.725  INFO 6716 --- [    Test worker] o.s.i.endpoint.EventDrivenConsumer       : started org.springframework.integration.config.ConsumerEndpointFactoryBean#12
2015-09-30 13:06:25.725  INFO 6716 --- [    Test worker] o.s.i.endpoint.EventDrivenConsumer       : Adding {transformer} as a subscriber to the 'movieInformationFlow.channel#3' channel
2015-09-30 13:06:25.725  INFO 6716 --- [    Test worker] o.s.integration.channel.DirectChannel    : Channel 'application:0.movieInformationFlow.channel#3' has 1 subscriber(s).
2015-09-30 13:06:25.725  INFO 6716 --- [    Test worker] o.s.i.endpoint.EventDrivenConsumer       : started org.springframework.integration.config.ConsumerEndpointFactoryBean#13
2015-09-30 13:06:25.725  INFO 6716 --- [    Test worker] o.s.i.endpoint.EventDrivenConsumer       : Adding {service-activator} as a subscriber to the 'movieInformationFlow.channel#4' channel
2015-09-30 13:06:25.725  INFO 6716 --- [    Test worker] o.s.integration.channel.DirectChannel    : Channel 'application:0.movieInformationFlow.channel#4' has 1 subscriber(s).
2015-09-30 13:06:25.725  INFO 6716 --- [    Test worker] o.s.i.endpoint.EventDrivenConsumer       : started org.springframework.integration.config.ConsumerEndpointFactoryBean#14
2015-09-30 13:06:25.725  INFO 6716 --- [    Test worker] o.s.c.support.DefaultLifecycleProcessor  : Starting beans in phase 1073741823
2015-09-30 13:06:25.729  INFO 6716 --- [    Test worker] o.s.i.e.SourcePollingChannelAdapter      : started org.springframework.integration.config.SourcePollingChannelAdapterFactoryBean#0
2015-09-30 13:06:25.729  INFO 6716 --- [    Test worker] o.s.i.e.SourcePollingChannelAdapter      : started org.springframework.integration.config.SourcePollingChannelAdapterFactoryBean#1
2015-09-30 13:06:25.778  INFO 6716 --- [    Test worker] s.b.c.e.t.TomcatEmbeddedServletContainer : Tomcat started on port(s): 41373 (http)
2015-09-30 13:06:25.781  INFO 6716 --- [    Test worker] com.analytique.hello.HelloControllerIT   : Started HelloControllerIT in 6.218 seconds (JVM running for 7.167)
2015-09-30 13:06:25.906  INFO 6716 --- [o-auto-1-exec-1] o.a.c.c.C.[Tomcat].[localhost].[/]       : Initializing Spring FrameworkServlet 'dispatcherServlet'
2015-09-30 13:06:25.906  INFO 6716 --- [o-auto-1-exec-1] o.s.web.servlet.DispatcherServlet        : FrameworkServlet 'dispatcherServlet': initialization started
2015-09-30 13:06:25.928  INFO 6716 --- [o-auto-1-exec-1] o.s.web.servlet.DispatcherServlet        : FrameworkServlet 'dispatcherServlet': initialization completed in 22 ms
]]></system-out>
  <system-err><![CDATA[]]></system-err>
</testsuite>
